<?xml version="1.0" encoding="UTF-8"?>
<!-- Generated by org.testng.reporters.JUnitReportReporter -->
<testsuite skipped="0" hostname="DESKTOP-8VM5413" name="TestNG.addbook" tests="1" failures="0" timestamp="04 May 2019 02:44:07 GMT" time="11.072" errors="0">
  <testcase name="verfiyaddbook" time="11.072" classname="TestNG.addbook"/>
</testsuite> <!-- TestNG.addbook -->
